<?xml version="1.0" encoding="UTF-8"?>
<!-- Generated by org.testng.reporters.JUnitReportReporter -->
<testsuite hostname="fars_lap" failures="0" tests="1" name="testpkg.Logintest" time="2.111" errors="0" timestamp="2025-05-23T14:35:46 GST" skipped="0">
  <testcase classname="testpkg.Logintest" name="test1" time="2.111"/>
</testsuite> <!-- testpkg.Logintest -->
