<?xml version="1.0" encoding="UTF-8"?>
<!-- Generated by org.testng.reporters.JUnitReportReporter -->
<testsuite hostname="fars_lap" failures="0" tests="1" name="testpkg.Logintest" time="2.049" errors="0" timestamp="2025-05-12T19:00:25 GST" skipped="0">
  <testcase classname="testpkg.Logintest" name="test1" time="2.049"/>
</testsuite> <!-- testpkg.Logintest -->
